sheet16: PM_0703_07
sheet16: PM_0703_08
sheet16: PM_0703_09
sheet16: PM_0703_10
sheet16: PM_0703_11
sheet16: PM_0703_12
sheet19: PM_0703_13
sheet19: PM_0703_14
sheet19: PM_0703_15
sheet19: PM_0703_16
sheet19: PM_0703_17
sheet19: PM_0703_18
sheet21: PM_0703_19
sheet21: PM_0703_20
sheet21: PM_0703_21
sheet21: PM_0703_22
sheet21: PM_0703_23
sheet21: PM_0703_24
sheet21: BC_1003_01
sheet21: BC_1003_02
sheet21: BC_1003_03
sheet21: BC_1003_04
sheet21: BC_1003_05
sheet21: BC_1003_06
sheet21: BC_1003_07
sheet21: BC_1003_08
sheet21: BC_1003_09
sheet19: BC_1003_10
sheet19: BC_1003_11
sheet19: BC_1003_12
sheet19: BC_1003_13
sheet19: BC_1003_14
sheet19: BC_1003_15
sheet18: BC_1003_16
sheet18: BC_1003_17
sheet18: BC_1003_18
sheet18: BC_1003_19
sheet18: BC_1003_20
sheet18: BC_1003_21
sheet17: BC_1003_22
sheet17: BC_1003_23
sheet17: BC_1003_24
sheet17: CO_1003_01
sheet17: CO_1003_02
sheet17: CO_1003_03
sheet16: CO_1003_04
sheet16: CO_1003_05
sheet16: CO_1003_06
sheet16: CO_1003_07
sheet16: CO_1003_08
sheet16: CO_1003_09
localhost: CO_1003_10
localhost: CO_1003_11
localhost: CO_1003_12
localhost: CO_1003_13
localhost: CO_1003_14
localhost: CO_1003_15
sheet21: CO_1003_16
sheet21: CO_1003_17
sheet21: CO_1003_18
sheet21: CO_1003_19
sheet21: CO_1003_20
sheet21: CO_1003_21
sheet21: CO_1003_22
sheet21: CO_1003_23
sheet21: CO_1003_24
sheet17: PM_1003_01
sheet17: PM_1003_02
sheet17: PM_1003_03
sheet17: PM_1003_04
sheet17: PM_1003_05
sheet17: PM_1003_06
sheet16: PM_1003_07
sheet16: PM_1003_08
sheet16: PM_1003_09
sheet16: PM_1003_10
sheet18: PM_1003_11
sheet18: PM_1003_12
sheet18: PM_1003_13
sheet18: PM_1003_14
sheet21: PM_1003_15
sheet21: PM_1003_16
sheet21: PM_1003_17
sheet21: PM_1003_18
sheet21: PM_1003_19
sheet21: PM_1003_20
sheet21: PM_1003_21
sheet21: PM_1003_22
localhost: PM_1003_23
localhost: PM_1003_24
sheet21: BC_0703_13
sheet21: BC_0703_14
sheet21: BC_0703_15
sheet21: BC_0703_13
sheet21: PM_0703_07
sheet21: PM_0703_08
sheet21: PM_0703_09
sheet21: PM_0703_10
sheet21: PM_0703_11
sheet21: PM_0703_12
sheet20: NO2_0103_01
sheet17: CO_0703_08
sheet17: CO_0703_09
sheet17: CO_0703_10
sheet17: CO_0703_11
sheet17: CO_0703_12
